GROUP,PACKAGE,CLASS,INSTRUCTION_MISSED,INSTRUCTION_COVERED,BRANCH_MISSED,BRANCH_COVERED,LINE_MISSED,LINE_COVERED,COMPLEXITY_MISSED,COMPLEXITY_COVERED,METHOD_MISSED,METHOD_COVERED
test-example,drawingproblem,Rectangle,6,131,1,5,2,20,1,4,0,2
test-example,drawingproblem,Canvas,14,226,3,25,3,41,2,18,0,6
test-example,drawingproblem,Figure,0,128,0,4,0,22,0,6,0,4
test-example,drawingproblem,DrawingProblem,85,99,24,10,20,13,18,3,1,3
test-example,drawingproblem,Line,6,45,2,4,2,8,2,3,0,2
test-example,drawingproblem,InitialCoordinatesWrapper,0,68,0,2,0,13,0,3,0,2
test-example,drawingproblem,InvalidParametersException,0,5,0,0,0,2,0,1,0,1
